<?xml version="1.0" encoding="UTF-8"?>
<testsuite xmlns:xsi="http://www.w3.org/2001/XMLSchema-instance" xsi:schemaLocation="https://maven.apache.org/surefire/maven-surefire-plugin/xsd/surefire-test-report.xsd" name="CucumberTestSuite" time="30.004" tests="6" errors="2" skipped="4" failures="0">
  <properties>
[...]
</properties>
  <testcase name="user on the login page" classname="As an User, I cannot Login because wrong email or password" time="5.309">
    <error message="The following error occurred: Connection refused: connect&#10;Build info: version: &apos;3.141.59&apos;, revision: &apos;e82be7d358&apos;, time: &apos;2018-11-14T08:17:03&apos;&#10;System info: host: &apos;MOOK-HON&apos;, ip: &apos;192.168.100.6&apos;, os.name: &apos;Windows 10&apos;, os.arch: &apos;amd64&apos;, os.version: &apos;10.0&apos;, java.version: &apos;11.0.14&apos;&#10;Driver info: driver.version: AndroidDriver" type="net.serenitybdd.core.exceptions.SerenityManagedException">net.serenitybdd.core.exceptions.SerenityManagedException: 
The following error occurred: Connection refused: connect
Build info: version: '3.141.59', revision: 'e82be7d358', time: '2018-11-14T08:17:03'
System info: host: 'MOOK-HON', ip: '192.168.100.6', os.name: 'Windows 10', os.arch: 'amd64', os.version: '10.0', java.version: '11.0.14'
Driver info: driver.version: AndroidDriver
Caused by: java.net.ConnectException: Connection refused: connect
</error>
    <system-out><![CDATA[
Scenario: As an User, I cannot Login because wrong email or password &amp#27;[90m# src/test/resources/features/Login.feature:3&amp#27;[0m
]]></system-out>
    <system-err><![CDATA[[main] INFO io.cucumber.core.plugin.SerenityReporter - Running feature from file:///C:/Users/ASUS/Downloads/Section25/MobileAndroid/src/test/resources/features/Login.feature
[main] INFO  - 

-------------------------------------------------------------------------------------
     _______. _______ .______       _______ .__   __.  __  .___________.____    ____ 
    /       ||   ____||   _  \     |   ____||  \ |  | |  | |           |\   \  /   / 
   |   (----`|  |__   |  |_)  |    |  |__   |   \|  | |  | `---|  |----` \   \/   /  
    \   \    |   __|  |      /     |   __|  |  . `  | |  |     |  |       \_    _/   
.----)   |   |  |____ |  |\  \----.|  |____ |  |\   | |  |     |  |         |  |     
|_______/    |_______|| _| `._____||_______||__| \__| |__|     |__|         |__|    
                                                                                     
 News and tutorials at http://www.serenity-bdd.info                                  
 Documentation at https://wakaleo.gitbooks.io/the-serenity-book/content/             
 Join the Serenity Community on Gitter: https://gitter.im/serenity-bdd/serenity-core 
 Serenity BDD Support and Training at http://serenity-bdd.info/#/trainingandsupport  
-------------------------------------------------------------------------------------

[main] INFO  - Test Suite Started: As an User, I want to success Login, So that I can see my home page
[main] INFO io.cucumber.core.plugin.SerenityReporter - Running feature from file:///C:/Users/ASUS/Downloads/Section25/MobileAndroid/src/test/resources/features/Login.feature
[main] INFO  - 
  _____   ___   ___   _____     ___   _____     _     ___   _____   ___   ___  
 |_   _| | __| / __| |_   _|   / __| |_   _|   /_\   | _ \ |_   _| | __| |   \ 
   | |   | _|  \__ \   | |     \__ \   | |    / _ \  |   /   | |   | _|  | |) |
   |_|   |___| |___/   |_|     |___/   |_|   /_/ \_\ |_|_\   |_|   |___| |___/ 

As an User, I cannot Login because wrong email or password(as-an-user--i-want-to-success-login--so-that-i-can-see-my-home-page;as-an-user--i-cannot-login-because-wrong-email-or-password)
--------------------------------------------------------------------------------
]]></system-err>
  </testcase>
  <testcase name="user input &quot;bagasdwisaputra19@gmail.com&quot; on email field" classname="As an User, I cannot Login because wrong email or password" time="0">
    <skipped/>
    <system-out><![CDATA[  &amp#27;[31mGiven &amp#27;[0m&amp#27;[31muser on the login page&amp#27;[0m                                       &amp#27;[90m# test.alta.stepdefinitions.LoginSteps.onTheLoginPage()&amp#27;[0m
      &amp#27;[31mnet.serenitybdd.core.exceptions.SerenityManagedException: The following error occurred: Connection refused: connect
Build info: version: '3.141.59', revision: 'e82be7d358', time: '2018-11-14T08:17:03'
System info: host: 'MOOK-HON', ip: '192.168.100.6', os.name: 'Windows 10', os.arch: 'amd64', os.version: '10.0', java.version: '11.0.14'
Driver info: driver.version: AndroidDriver
	at io.appium.java_client.remote.AppiumCommandExecutor.lambda$6(AppiumCommandExecutor.java:262)
	at java.base/java.util.Optional.orElseGet(Optional.java:369)
	at io.appium.java_client.remote.AppiumCommandExecutor.execute(AppiumCommandExecutor.java:261)
	at org.openqa.selenium.remote.RemoteWebDriver.execute(RemoteWebDriver.java:552)
	at io.appium.java_client.DefaultGenericMobileDriver.execute(DefaultGenericMobileDriver.java:41)
	at io.appium.java_client.AppiumDriver.execute(AppiumDriver.java:1)
	at io.appium.java_client.android.AndroidDriver.execute(AndroidDriver.java:1)
	at org.openqa.selenium.remote.RemoteWebDriver.startSession(RemoteWebDriver.java:213)
	at io.appium.java_client.AppiumDriver.startSession(AppiumDriver.java:363)
	at org.openqa.selenium.remote.RemoteWebDriver.<init>(RemoteWebDriver.java:131)
	at io.appium.java_client.DefaultGenericMobileDriver.<init>(DefaultGenericMobileDriver.java:37)
	at io.appium.java_client.AppiumDriver.<init>(AppiumDriver.java:89)
	at io.appium.java_client.AppiumDriver.<init>(AppiumDriver.java:99)
	at io.appium.java_client.android.AndroidDriver.<init>(AndroidDriver.java:97)
	at test.alta.driver.AndroidDriverPool.create(AndroidDriverPool.java:27)
	at test.alta.pageobject.BasePageObject.getDriver(BasePageObject.java:19)
	at test.alta.pages.LoginScreen$ByteBuddy$1xFl2MWU.getDriver$accessor$B5ooaIfk(Unknown Source)
	at java.base/jdk.internal.reflect.NativeMethodAccessorImpl.invoke0(Native Method)
	at java.base/jdk.internal.reflect.NativeMethodAccessorImpl.invoke(NativeMethodAccessorImpl.java:62)
	at java.base/jdk.internal.reflect.DelegatingMethodAccessorImpl.invoke(DelegatingMethodAccessorImpl.java:43)
	at java.base/java.lang.reflect.Method.invoke(Method.java:566)
	at net.thucydides.core.steps.BaseMethodRunner.invokeMethod(BaseMethodRunner.java:18)
	at net.thucydides.core.steps.NormalMethodRunner.invokeMethodAndNotifyFailures(NormalMethodRunner.java:18)
	at net.thucydides.core.steps.StepInterceptor.runNormalMethod(StepInterceptor.java:407)
	at net.thucydides.core.steps.StepInterceptor.testStepResult(StepInterceptor.java:192)
	at net.thucydides.core.steps.StepInterceptor.intercept(StepInterceptor.java:85)
	at net.thucydides.core.steps.ProxyConfiguration$InterceptorDispatcher.intercept(ProxyConfiguration.java:51)
	at test.alta.pages.LoginScreen$ByteBuddy$1xFl2MWU.getDriver(Unknown Source)
	at test.alta.pageobject.BasePageObject.onWait(BasePageObject.java:25)
	at test.alta.pages.LoginScreen$ByteBuddy$1xFl2MWU.onWait$accessor$B5ooaIfk(Unknown Source)
	at java.base/jdk.internal.reflect.NativeMethodAccessorImpl.invoke0(Native Method)
	at java.base/jdk.internal.reflect.NativeMethodAccessorImpl.invoke(NativeMethodAccessorImpl.java:62)
	at java.base/jdk.internal.reflect.DelegatingMethodAccessorImpl.invoke(DelegatingMethodAccessorImpl.java:43)
	at java.base/java.lang.reflect.Method.invoke(Method.java:566)
	at net.thucydides.core.steps.BaseMethodRunner.invokeMethod(BaseMethodRunner.java:18)
	at net.thucydides.core.steps.NormalMethodRunner.invokeMethodAndNotifyFailures(NormalMethodRunner.java:18)
	at net.thucydides.core.steps.StepInterceptor.runNormalMethod(StepInterceptor.java:407)
	at net.thucydides.core.steps.StepInterceptor.testStepResult(StepInterceptor.java:192)
	at net.thucydides.core.steps.StepInterceptor.intercept(StepInterceptor.java:85)
	at net.thucydides.core.steps.ProxyConfiguration$InterceptorDispatcher.intercept(ProxyConfiguration.java:51)
	at test.alta.pages.LoginScreen$ByteBuddy$1xFl2MWU.onWait(Unknown Source)
	at test.alta.pageobject.BasePageObject.waitUntilPresence(BasePageObject.java:33)
	at test.alta.pages.LoginScreen$ByteBuddy$1xFl2MWU.waitUntilPresence$accessor$B5ooaIfk(Unknown Source)
	at java.base/jdk.internal.reflect.NativeMethodAccessorImpl.invoke0(Native Method)
	at java.base/jdk.internal.reflect.NativeMethodAccessorImpl.invoke(NativeMethodAccessorImpl.java:62)
	at java.base/jdk.internal.reflect.DelegatingMethodAccessorImpl.invoke(DelegatingMethodAccessorImpl.java:43)
	at java.base/java.lang.reflect.Method.invoke(Method.java:566)
	at net.thucydides.core.steps.BaseMethodRunner.invokeMethod(BaseMethodRunner.java:18)
	at net.thucydides.core.steps.NormalMethodRunner.invokeMethodAndNotifyFailures(NormalMethodRunner.java:18)
	at net.thucydides.core.steps.StepInterceptor.runNormalMethod(StepInterceptor.java:407)
	at net.thucydides.core.steps.StepInterceptor.testStepResult(StepInterceptor.java:192)
	at net.thucydides.core.steps.StepInterceptor.intercept(StepInterceptor.java:85)
	at net.thucydides.core.steps.ProxyConfiguration$InterceptorDispatcher.intercept(ProxyConfiguration.java:51)
	at test.alta.pages.LoginScreen$ByteBuddy$1xFl2MWU.waitUntilPresence(Unknown Source)
	at test.alta.pages.LoginScreen.isOnLoginPage(LoginScreen.java:24)
	at test.alta.pages.LoginScreen$ByteBuddy$1xFl2MWU.isOnLoginPage$accessor$B5ooaIfk(Unknown Source)
	at java.base/jdk.internal.reflect.NativeMethodAccessorImpl.invoke0(Native Method)
	at java.base/jdk.internal.reflect.NativeMethodAccessorImpl.invoke(NativeMethodAccessorImpl.java:62)
	at java.base/jdk.internal.reflect.DelegatingMethodAccessorImpl.invoke(DelegatingMethodAccessorImpl.java:43)
	at java.base/java.lang.reflect.Method.invoke(Method.java:566)
	at net.thucydides.core.steps.StepInterceptor.invokeMethod(StepInterceptor.java:504)
	at net.thucydides.core.steps.StepInterceptor.executeTestStepMethod(StepInterceptor.java:484)
	at net.thucydides.core.steps.StepInterceptor.runTestStep(StepInterceptor.java:458)
	at net.thucydides.core.steps.StepInterceptor.runOrSkipMethod(StepInterceptor.java:210)
	at net.thucydides.core.steps.StepInterceptor.testStepResult(StepInterceptor.java:197)
	at net.thucydides.core.steps.StepInterceptor.intercept(StepInterceptor.java:85)
	at net.thucydides.core.steps.ProxyConfiguration$InterceptorDispatcher.intercept(ProxyConfiguration.java:51)
	at test.alta.pages.LoginScreen$ByteBuddy$1xFl2MWU.isOnLoginPage(Unknown Source)
	at test.alta.stepdefinitions.LoginSteps.onTheLoginPage(LoginSteps.java:17)
	at âœ½.user on the login page(file:///C:/Users/ASUS/Downloads/Section25/MobileAndroid/src/test/resources/features/Login.feature:4)
Caused by: java.net.ConnectException: Connection refused: connect
	at java.base/java.net.PlainSocketImpl.waitForConnect(Native Method)
	at java.base/java.net.PlainSocketImpl.socketConnect(PlainSocketImpl.java:107)
	at java.base/java.net.AbstractPlainSocketImpl.doConnect(AbstractPlainSocketImpl.java:412)
	at java.base/java.net.AbstractPlainSocketImpl.connectToAddress(AbstractPlainSocketImpl.java:255)
	at java.base/java.net.AbstractPlainSocketImpl.connect(AbstractPlainSocketImpl.java:237)
	at java.base/java.net.SocksSocketImpl.connect(SocksSocketImpl.java:392)
	at java.base/java.net.Socket.connect(Socket.java:608)
	at okhttp3.internal.platform.Platform.connectSocket(Platform.java:129)
	at okhttp3.internal.connection.RealConnection.connectSocket(RealConnection.java:245)
	at okhttp3.internal.connection.RealConnection.connect(RealConnection.java:165)
	at okhttp3.internal.connection.StreamAllocation.findConnection(StreamAllocation.java:257)
	at okhttp3.internal.connection.StreamAllocation.findHealthyConnection(StreamAllocation.java:135)
	at okhttp3.internal.connection.StreamAllocation.newStream(StreamAllocation.java:114)
	at okhttp3.internal.connection.ConnectInterceptor.intercept(ConnectInterceptor.java:42)
	at okhttp3.internal.http.RealInterceptorChain.proceed(RealInterceptorChain.java:147)
	at okhttp3.internal.http.RealInterceptorChain.proceed(RealInterceptorChain.java:121)
	at okhttp3.internal.cache.CacheInterceptor.intercept(CacheInterceptor.java:93)
	at okhttp3.internal.http.RealInterceptorChain.proceed(RealInterceptorChain.java:147)
	at okhttp3.internal.http.RealInterceptorChain.proceed(RealInterceptorChain.java:121)
	at okhttp3.internal.http.BridgeInterceptor.intercept(BridgeInterceptor.java:93)
	at okhttp3.internal.http.RealInterceptorChain.proceed(RealInterceptorChain.java:147)
	at okhttp3.internal.http.RetryAndFollowUpInterceptor.intercept(RetryAndFollowUpInterceptor.java:126)
	at okhttp3.internal.http.RealInterceptorChain.proceed(RealInterceptorChain.java:147)
	at okhttp3.internal.http.RealInterceptorChain.proceed(RealInterceptorChain.java:121)
	at okhttp3.RealCall.getResponseWithInterceptorChain(RealCall.java:200)
	at okhttp3.RealCall.execute(RealCall.java:77)
	at org.openqa.selenium.remote.internal.OkHttpClient.execute(OkHttpClient.java:103)
	at io.appium.java_client.remote.AppiumCommandExecutor.lambda$1(AppiumCommandExecutor.java:162)
	at org.openqa.selenium.remote.ProtocolHandshake.createSession(ProtocolHandshake.java:105)
	at java.base/jdk.internal.reflect.NativeMethodAccessorImpl.invoke0(Native Method)
	at java.base/jdk.internal.reflect.NativeMethodAccessorImpl.invoke(NativeMethodAccessorImpl.java:62)
	at java.base/jdk.internal.reflect.DelegatingMethodAccessorImpl.invoke(DelegatingMethodAccessorImpl.java:43)
	at java.base/java.lang.reflect.Method.invoke(Method.java:566)
	at io.appium.java_client.remote.AppiumCommandExecutor$1.createSession(AppiumCommandExecutor.java:193)
	at io.appium.java_client.remote.AppiumCommandExecutor.createSession(AppiumCommandExecutor.java:225)
	at io.appium.java_client.remote.AppiumCommandExecutor.execute(AppiumCommandExecutor.java:250)
	at org.openqa.selenium.remote.RemoteWebDriver.execute(RemoteWebDriver.java:552)
	at io.appium.java_client.DefaultGenericMobileDriver.execute(DefaultGenericMobileDriver.java:41)
	at io.appium.java_client.AppiumDriver.execute(AppiumDriver.java:1)
	at io.appium.java_client.android.AndroidDriver.execute(AndroidDriver.java:1)
	at org.openqa.selenium.remote.RemoteWebDriver.startSession(RemoteWebDriver.java:213)
	at io.appium.java_client.AppiumDriver.startSession(AppiumDriver.java:363)
	at org.openqa.selenium.remote.RemoteWebDriver.<init>(RemoteWebDriver.java:131)
	at io.appium.java_client.DefaultGenericMobileDriver.<init>(DefaultGenericMobileDriver.java:37)
	at io.appium.java_client.AppiumDriver.<init>(AppiumDriver.java:89)
	at io.appium.java_client.AppiumDriver.<init>(AppiumDriver.java:99)
	at io.appium.java_client.android.AndroidDriver.<init>(AndroidDriver.java:97)
	at test.alta.driver.AndroidDriverPool.create(AndroidDriverPool.java:27)
	at test.alta.pageobject.BasePageObject.getDriver(BasePageObject.java:19)
	at test.alta.pages.LoginScreen$ByteBuddy$1xFl2MWU.getDriver$accessor$B5ooaIfk(Unknown Source)
	at java.base/jdk.internal.reflect.NativeMethodAccessorImpl.invoke0(Native Method)
	at java.base/jdk.internal.reflect.NativeMethodAccessorImpl.invoke(NativeMethodAccessorImpl.java:62)
	at java.base/jdk.internal.reflect.DelegatingMethodAccessorImpl.invoke(DelegatingMethodAccessorImpl.java:43)
	at java.base/java.lang.reflect.Method.invoke(Method.java:566)
	at net.thucydides.core.steps.BaseMethodRunner.invokeMethod(BaseMethodRunner.java:18)
	at net.thucydides.core.steps.NormalMethodRunner.invokeMethodAndNotifyFailures(NormalMethodRunner.java:18)
	at net.thucydides.core.steps.StepInterceptor.runNormalMethod(StepInterceptor.java:407)
	at net.thucydides.core.steps.StepInterceptor.testStepResult(StepInterceptor.java:192)
	at net.thucydides.core.steps.StepInterceptor.intercept(StepInterceptor.java:85)
	at net.thucydides.core.steps.ProxyConfiguration$InterceptorDispatcher.intercept(ProxyConfiguration.java:51)
	at test.alta.pages.LoginScreen$ByteBuddy$1xFl2MWU.getDriver(Unknown Source)
	at test.alta.pageobject.BasePageObject.onWait(BasePageObject.java:25)
	at test.alta.pages.LoginScreen$ByteBuddy$1xFl2MWU.onWait$accessor$B5ooaIfk(Unknown Source)
	at java.base/jdk.internal.reflect.NativeMethodAccessorImpl.invoke0(Native Method)
	at java.base/jdk.internal.reflect.NativeMethodAccessorImpl.invoke(NativeMethodAccessorImpl.java:62)
	at java.base/jdk.internal.reflect.DelegatingMethodAccessorImpl.invoke(DelegatingMethodAccessorImpl.java:43)
	at java.base/java.lang.reflect.Method.invoke(Method.java:566)
	at net.thucydides.core.steps.BaseMethodRunner.invokeMethod(BaseMethodRunner.java:18)
	at net.thucydides.core.steps.NormalMethodRunner.invokeMethodAndNotifyFailures(NormalMethodRunner.java:18)
	at net.thucydides.core.steps.StepInterceptor.runNormalMethod(StepInterceptor.java:407)
	at net.thucydides.core.steps.StepInterceptor.testStepResult(StepInterceptor.java:192)
	at net.thucydides.core.steps.StepInterceptor.intercept(StepInterceptor.java:85)
	at net.thucydides.core.steps.ProxyConfiguration$InterceptorDispatcher.intercept(ProxyConfiguration.java:51)
	at test.alta.pages.LoginScreen$ByteBuddy$1xFl2MWU.onWait(Unknown Source)
	at test.alta.pageobject.BasePageObject.waitUntilPresence(BasePageObject.java:33)
	at test.alta.pages.LoginScreen$ByteBuddy$1xFl2MWU.waitUntilPresence$accessor$B5ooaIfk(Unknown Source)
	at java.base/jdk.internal.reflect.NativeMethodAccessorImpl.invoke0(Native Method)
	at java.base/jdk.internal.reflect.NativeMethodAccessorImpl.invoke(NativeMethodAccessorImpl.java:62)
	at java.base/jdk.internal.reflect.DelegatingMethodAccessorImpl.invoke(DelegatingMethodAccessorImpl.java:43)
	at java.base/java.lang.reflect.Method.invoke(Method.java:566)
	at net.thucydides.core.steps.BaseMethodRunner.invokeMethod(BaseMethodRunner.java:18)
	at net.thucydides.core.steps.NormalMethodRunner.invokeMethodAndNotifyFailures(NormalMethodRunner.java:18)
	at net.thucydides.core.steps.StepInterceptor.runNormalMethod(StepInterceptor.java:407)
	at net.thucydides.core.steps.StepInterceptor.testStepResult(StepInterceptor.java:192)
	at net.thucydides.core.steps.StepInterceptor.intercept(StepInterceptor.java:85)
	at net.thucydides.core.steps.ProxyConfiguration$InterceptorDispatcher.intercept(ProxyConfiguration.java:51)
	at test.alta.pages.LoginScreen$ByteBuddy$1xFl2MWU.waitUntilPresence(Unknown Source)
	at test.alta.pages.LoginScreen.isOnLoginPage(LoginScreen.java:24)
	at test.alta.pages.LoginScreen$ByteBuddy$1xFl2MWU.isOnLoginPage$accessor$B5ooaIfk(Unknown Source)
	at java.base/jdk.internal.reflect.NativeMethodAccessorImpl.invoke0(Native Method)
	at java.base/jdk.internal.reflect.NativeMethodAccessorImpl.invoke(NativeMethodAccessorImpl.java:62)
	at java.base/jdk.internal.reflect.DelegatingMethodAccessorImpl.invoke(DelegatingMethodAccessorImpl.java:43)
	at java.base/java.lang.reflect.Method.invoke(Method.java:566)
	at net.thucydides.core.steps.StepInterceptor.invokeMethod(StepInterceptor.java:504)
	at net.thucydides.core.steps.StepInterceptor.executeTestStepMethod(StepInterceptor.java:484)
	at net.thucydides.core.steps.StepInterceptor.runTestStep(StepInterceptor.java:458)
	at net.thucydides.core.steps.StepInterceptor.runOrSkipMethod(StepInterceptor.java:210)
	at net.thucydides.core.steps.StepInterceptor.testStepResult(StepInterceptor.java:197)
	at net.thucydides.core.steps.StepInterceptor.intercept(StepInterceptor.java:85)
	at net.thucydides.core.steps.ProxyConfiguration$InterceptorDispatcher.intercept(ProxyConfiguration.java:51)
	at test.alta.pages.LoginScreen$ByteBuddy$1xFl2MWU.isOnLoginPage(Unknown Source)
	at test.alta.stepdefinitions.LoginSteps.onTheLoginPage(LoginSteps.java:17)
	at java.base/jdk.internal.reflect.NativeMethodAccessorImpl.invoke0(Native Method)
	at java.base/jdk.internal.reflect.NativeMethodAccessorImpl.invoke(NativeMethodAccessorImpl.java:62)
	at java.base/jdk.internal.reflect.DelegatingMethodAccessorImpl.invoke(DelegatingMethodAccessorImpl.java:43)
	at java.base/java.lang.reflect.Method.invoke(Method.java:566)
	at io.cucumber.java.Invoker.doInvoke(Invoker.java:66)
	at io.cucumber.java.Invoker.invoke(Invoker.java:24)
	at io.cucumber.java.AbstractGlueDefinition.invokeMethod(AbstractGlueDefinition.java:47)
	at io.cucumber.java.JavaStepDefinition.execute(JavaStepDefinition.java:29)
	at io.cucumber.core.runner.CoreStepDefinition.execute(CoreStepDefinition.java:66)
	at io.cucumber.core.runner.PickleStepDefinitionMatch.runStep(PickleStepDefinitionMatch.java:63)
	at io.cucumber.core.runner.ExecutionMode$1.execute(ExecutionMode.java:10)
	at io.cucumber.core.runner.TestStep.executeStep(TestStep.java:92)
	at io.cucumber.core.runner.TestStep.run(TestStep.java:64)
	at io.cucumber.core.runner.PickleStepTestStep.run(PickleStepTestStep.java:51)
	at io.cucumber.core.runner.TestCase.run(TestCase.java:104)
	at io.cucumber.core.runner.Runner.runPickle(Runner.java:73)
	at io.cucumber.junit.PickleRunners$WithStepDescriptions.run(PickleRunners.java:110)
	at io.cucumber.junit.FeatureRunner.runChild(FeatureRunner.java:135)
	at io.cucumber.junit.FeatureRunner.runChild(FeatureRunner.java:27)
	at org.junit.runners.ParentRunner$4.run(ParentRunner.java:331)
	at org.junit.runners.ParentRunner$1.schedule(ParentRunner.java:79)
	at org.junit.runners.ParentRunner.runChildren(ParentRunner.java:329)
	at org.junit.runners.ParentRunner.access$100(ParentRunner.java:66)
	at org.junit.runners.ParentRunner$2.evaluate(ParentRunner.java:293)
	at org.junit.runners.ParentRunner$3.evaluate(ParentRunner.java:306)
	at org.junit.runners.ParentRunner.run(ParentRunner.java:413)
	at io.cucumber.junit.CucumberSerenityRunner.runChild(CucumberSerenityRunner.java:258)
	at io.cucumber.junit.CucumberSerenityRunner.runChild(CucumberSerenityRunner.java:57)
	at org.junit.runners.ParentRunner$4.run(ParentRunner.java:331)
	at org.junit.runners.ParentRunner$1.schedule(ParentRunner.java:79)
	at org.junit.runners.ParentRunner.runChildren(ParentRunner.java:329)
	at org.junit.runners.ParentRunner.access$100(ParentRunner.java:66)
	at org.junit.runners.ParentRunner$2.evaluate(ParentRunner.java:293)
	at io.cucumber.junit.CucumberSerenityRunner$RunCucumber.evaluate(CucumberSerenityRunner.java:286)
	at org.junit.runners.ParentRunner$3.evaluate(ParentRunner.java:306)
	at org.junit.runners.ParentRunner.run(ParentRunner.java:413)
	at org.apache.maven.surefire.junit4.JUnit4Provider.execute(JUnit4Provider.java:367)
	at org.apache.maven.surefire.junit4.JUnit4Provider.executeWithRerun(JUnit4Provider.java:274)
	at org.apache.maven.surefire.junit4.JUnit4Provider.executeTestSet(JUnit4Provider.java:238)
	at org.apache.maven.surefire.junit4.JUnit4Provider.invoke(JUnit4Provider.java:161)
	at org.apache.maven.surefire.booter.ForkedBooter.invokeProviderInSameClassLoader(ForkedBooter.java:290)
	at org.apache.maven.surefire.booter.ForkedBooter.runSuitesInProcess(ForkedBooter.java:242)
	at org.apache.maven.surefire.booter.ForkedBooter.main(ForkedBooter.java:121)
&amp#27;[0m
]]></system-out>
  </testcase>
  <testcase name="user input &quot;password&quot; on password field" classname="As an User, I cannot Login because wrong email or password" time="0">
    <skipped/>
    <system-out><![CDATA[  &amp#27;[36mWhen &amp#27;[0m&amp#27;[36muser input &amp#27;[0m&amp#27;[36m&amp#27;[1m"bagasdwisaputra19@gmail.com"&amp#27;[0m&amp#27;[36m on email field&amp#27;[0m       &amp#27;[90m# test.alta.stepdefinitions.LoginSteps.inputEmail(java.lang.String)&amp#27;[0m
]]></system-out>
  </testcase>
  <testcase name="user click login button" classname="As an User, I cannot Login because wrong email or password" time="0">
    <skipped/>
    <system-out><![CDATA[  &amp#27;[36mAnd &amp#27;[0m&amp#27;[36muser input &amp#27;[0m&amp#27;[36m&amp#27;[1m"password"&amp#27;[0m&amp#27;[36m on password field&amp#27;[0m                        &amp#27;[90m# test.alta.stepdefinitions.LoginSteps.inputPassword(java.lang.String)&amp#27;[0m
]]></system-out>
  </testcase>
  <testcase name="user see error message &quot;Wrong Email or Password&quot;" classname="As an User, I cannot Login because wrong email or password" time="0">
    <skipped/>
    <system-out><![CDATA[  &amp#27;[36mAnd &amp#27;[0m&amp#27;[36muser click login button&amp#27;[0m                                        &amp#27;[90m# test.alta.stepdefinitions.LoginSteps.clickLoginButton()&amp#27;[0m
]]></system-out>
  </testcase>
  <testcase name="As an User, I cannot Login because wrong email or password" classname="As an User, I cannot Login because wrong email or password" time="0.001">
    <error message="The following error occurred: Connection refused: connect&#10;Build info: version: &apos;3.141.59&apos;, revision: &apos;e82be7d358&apos;, time: &apos;2018-11-14T08:17:03&apos;&#10;System info: host: &apos;MOOK-HON&apos;, ip: &apos;192.168.100.6&apos;, os.name: &apos;Windows 10&apos;, os.arch: &apos;amd64&apos;, os.version: &apos;10.0&apos;, java.version: &apos;11.0.14&apos;&#10;Driver info: driver.version: AndroidDriver" type="net.serenitybdd.core.exceptions.SerenityManagedException">net.serenitybdd.core.exceptions.SerenityManagedException: 
The following error occurred: Connection refused: connect
Build info: version: '3.141.59', revision: 'e82be7d358', time: '2018-11-14T08:17:03'
System info: host: 'MOOK-HON', ip: '192.168.100.6', os.name: 'Windows 10', os.arch: 'amd64', os.version: '10.0', java.version: '11.0.14'
Driver info: driver.version: AndroidDriver
Caused by: java.net.ConnectException: Connection refused: connect
</error>
    <system-out><![CDATA[  &amp#27;[36mThen &amp#27;[0m&amp#27;[36muser see error message &amp#27;[0m&amp#27;[36m&amp#27;[1m"Wrong Email or Password"&amp#27;[0m              &amp#27;[90m# test.alta.stepdefinitions.LoginSteps.seeErrorMessage(java.lang.String)&amp#27;[0m
]]></system-out>
  </testcase>
</testsuite>